[debug] [2021-07-24T09:07:19.195Z] ----------------------------------------------------------------------
[debug] [2021-07-24T09:07:19.201Z] Command:       C:\Program Files\nodejs\node.exe C:\Users\darvy\AppData\Roaming\npm\node_modules\firebase-tools\lib\bin\firebase.js init
[debug] [2021-07-24T09:07:19.202Z] CLI Version:   9.16.0
[debug] [2021-07-24T09:07:19.202Z] Platform:      win32
[debug] [2021-07-24T09:07:19.202Z] Node Version:  v14.17.0
[debug] [2021-07-24T09:07:19.213Z] Time:          Sat Jul 24 2021 14:37:19 GMT+0530 (India Standard Time)
[debug] [2021-07-24T09:07:19.214Z] ----------------------------------------------------------------------
[debug] 
[debug] [2021-07-24T09:07:19.231Z] >>> [apiv2][query] GET https://firebase-public.firebaseio.com/cli.json [none]
[debug] [2021-07-24T09:07:19.290Z] > command requires scopes: ["email","openid","https://www.googleapis.com/auth/cloudplatformprojects.readonly","https://www.googleapis.com/auth/firebase","https://www.googleapis.com/auth/cloud-platform"]
[debug] [2021-07-24T09:07:19.290Z] > authorizing via signed-in user (19201@iiitu.ac.in)
[info] 
     ######## #### ########  ######## ########     ###     ######  ########
     ##        ##  ##     ## ##       ##     ##  ##   ##  ##       ##
     ######    ##  ########  ######   ########  #########  ######  ######
     ##        ##  ##    ##  ##       ##     ## ##     ##       ## ##
     ##       #### ##     ## ######## ########  ##     ##  ######  ########

You're about to initialize a Firebase project in this directory:

  C:\Users\darvy\aircampus-elearning

[debug] [2021-07-24T09:07:20.397Z] <<< [apiv2][status] GET https://firebase-public.firebaseio.com/cli.json 200
[debug] [2021-07-24T09:07:20.398Z] <<< [apiv2][body] GET https://firebase-public.firebaseio.com/cli.json {"cloudBuildErrorAfter":1594252800000,"cloudBuildWarnAfter":1590019200000,"defaultNode10After":1594252800000,"minVersion":"3.0.5","node8DeploysDisabledAfter":1613390400000,"node8RuntimeDisabledAfter":1615809600000,"node8WarnAfter":1600128000000}
